\BOOKMARK [1][-]{section.1}{\376\377\000I\000n\000t\000r\000o\000d\000u\000c\000t\000i\000o\000n}{}% 1
\BOOKMARK [1][-]{section.2}{\376\377\000F\000u\000n\000c\000t\000i\000o\000n\000a\000l\000\040\000D\000a\000t\000a\000\040\000A\000n\000a\000l\000y\000s\000i\000s}{}% 2
\BOOKMARK [2][-]{subsection.2.1}{\376\377\000H\000i\000l\000b\000e\000r\000t\000\040\000S\000p\000a\000c\000e\000\040\000o\000f\000\040\000S\000q\000u\000a\000r\000e\000\040\000I\000n\000t\000e\000g\000r\000a\000b\000l\000e\000\040\000F\000u\000n\000c\000t\000i\000o\000n\000s}{section.2}% 3
\BOOKMARK [2][-]{subsection.2.2}{\376\377\000R\000a\000n\000d\000o\000m\000\040\000F\000u\000n\000c\000t\000i\000o\000n\000s}{section.2}% 4
\BOOKMARK [2][-]{subsection.2.3}{\376\377\000P\000r\000o\000b\000a\000b\000i\000l\000i\000t\000y\000\040\000M\000e\000a\000s\000u\000r\000e\000s\000\040\000o\000n\000\040\000L\0002}{section.2}% 5
\BOOKMARK [1][-]{section.3}{\376\377\000C\000r\000a\000m\000\351\000r\000-\000v\000o\000n\000\040\000M\000i\000s\000e\000s\000\040\000T\000e\000s\000t\000s}{}% 6
\BOOKMARK [2][-]{subsection.3.1}{\376\377\000E\000m\000p\000i\000r\000i\000c\000a\000l\000\040\000D\000i\000s\000t\000r\000i\000b\000u\000t\000i\000o\000n\000\040\000F\000u\000n\000c\000t\000i\000o\000n\000s}{section.3}% 7
\BOOKMARK [2][-]{subsection.3.2}{\376\377\000C\000r\000a\000m\000\351\000r\000-\000v\000o\000n\000\040\000M\000i\000s\000e\000s\000\040\000S\000t\000a\000t\000i\000s\000t\000i\000c\000s}{section.3}% 8
\BOOKMARK [2][-]{subsection.3.3}{\376\377\000A\000s\000y\000m\000p\000t\000o\000t\000i\000c\000\040\000D\000i\000s\000t\000r\000i\000b\000u\000t\000i\000o\000n\000s}{section.3}% 9
\BOOKMARK [1][-]{section.4}{\376\377\000P\000e\000r\000m\000u\000t\000a\000t\000i\000o\000n\000\040\000T\000e\000s\000t\000s}{}% 10
\BOOKMARK [2][-]{subsection.4.1}{\376\377\000F\000u\000n\000c\000t\000i\000o\000n\000a\000l\000\040\000P\000r\000i\000n\000c\000i\000p\000l\000e\000\040\000o\000f\000\040\000P\000e\000r\000m\000u\000t\000a\000t\000i\000o\000n\000\040\000T\000e\000s\000t\000s}{section.4}% 11
\BOOKMARK [2][-]{subsection.4.2}{\376\377\000S\000i\000z\000e\000\040\000a\000n\000d\000\040\000P\000o\000w\000e\000r}{section.4}% 12
\BOOKMARK [2][-]{subsection.4.3}{\376\377\000P\000e\000r\000m\000u\000t\000a\000t\000i\000o\000n\000\040\000T\000e\000s\000t\000\040\000f\000o\000r\000\040\000E\000q\000u\000a\000l\000i\000t\000y\000\040\000o\000f\000\040\000s\000c\000a\000l\000a\000r\000-\000v\000a\000l\000u\000e\000d\000\040\000D\000i\000s\000t\000r\000i\000b\000u\000t\000i\000o\000n\000s}{section.4}% 13
\BOOKMARK [1][-]{section.5}{\376\377\000T\000e\000s\000t\000\040\000b\000y\000\040\000B\000u\000g\000n\000i\000\040\000a\000n\000d\000\040\000H\000o\000r\000o\000w\000i\000t\000z\000\040\000\050\0002\0000\0002\0001\000\051}{}% 14
\BOOKMARK [2][-]{subsection.5.1}{\376\377\000N\000u\000l\000l\000h\000y\000p\000o\000t\000h\000e\000s\000i\000s}{section.5}% 15
\BOOKMARK [2][-]{subsection.5.2}{\376\377\000C\000r\000a\000m\000\351\000r\000-\000v\000o\000n\000\040\000M\000i\000s\000e\000s\000\040\000t\000y\000p\000e\000\040\000T\000e\000s\000t}{section.5}% 16
\BOOKMARK [2][-]{subsection.5.3}{\376\377\000M\000e\000a\000n\000\040\000f\000o\000c\000u\000s\000e\000d\000\040\000T\000e\000s\000t}{section.5}% 17
\BOOKMARK [2][-]{subsection.5.4}{\376\377\000C\000o\000m\000b\000i\000n\000e\000d\000\040\000P\000e\000r\000m\000u\000t\000a\000t\000i\000o\000n\000\040\000T\000e\000s\000t}{section.5}% 18
\BOOKMARK [2][-]{subsection.5.5}{\376\377\000P\000r\000o\000p\000e\000r\000t\000i\000e\000s}{section.5}% 19
\BOOKMARK [1][-]{section.6}{\376\377\000S\000i\000m\000u\000l\000a\000t\000i\000o\000n\000\040\000S\000t\000u\000d\000y}{}% 20
\BOOKMARK [2][-]{subsection.6.1}{\376\377\000U\000s\000e\000\040\000o\000f\000\040\000H\000i\000g\000h\000-\000P\000e\000r\000f\000o\000r\000m\000a\000n\000c\000e\000\040\000C\000o\000m\000p\000u\000t\000i\000n\000g}{section.6}% 21
\BOOKMARK [2][-]{subsection.6.2}{\376\377\000S\000i\000m\000u\000l\000a\000t\000i\000o\000n\000\040\000S\000e\000t\000u\000p}{section.6}% 22
\BOOKMARK [2][-]{subsection.6.3}{\376\377\000R\000e\000s\000u\000l\000t\000s}{section.6}% 23
\BOOKMARK [1][-]{section.7}{\376\377\000A\000p\000p\000l\000i\000c\000a\000t\000i\000o\000n}{}% 24
\BOOKMARK [1][-]{section.8}{\376\377\000B\000i\000b\000l\000i\000o\000g\000r\000a\000p\000h\000y}{}% 25
\BOOKMARK [1][-]{section.9}{\376\377\000A\000p\000p\000e\000n\000d\000i\000x}{}% 26
\BOOKMARK [1][-]{section.10}{\376\377\000V\000e\000r\000s\000i\000c\000h\000e\000r\000u\000n\000g\000\040\000a\000n\000\040\000E\000i\000d\000e\000s\000\040\000s\000t\000a\000t\000t}{}% 27
